app/build/intermediates/manifest_merge_blame_file/debug/manifest-merger-blame-debug-report.txt
1<?xml version="1.0" encoding="utf-8"?>
2<manifest xmlns:android="http://schemas.android.com/apk/res/android"
3    package="com.example.feedthecat"
4    android:versionCode="1"
5    android:versionName="1.0" >
6
7    <uses-sdk
8        android:minSdkVersion="21"
8-->src\main\AndroidManifest.xml
9        android:targetSdkVersion="31" />
9-->src\main\AndroidManifest.xml
10
11    <application
11-->src\main\AndroidManifest.xml:5:5-46:19
12        android:allowBackup="true"
12-->src\main\AndroidManifest.xml:6:9-35
13        android:appComponentFactory="androidx.core.app.CoreComponentFactory"
13-->[androidx.core:core:1.7.0] AndroidManifest.xml:24:18-86
14        android:debuggable="true"
15        android:icon="@mipmap/ic_launcher"
15-->src\main\AndroidManifest.xml:7:9-43
16        android:label="@string/app_name"
16-->src\main\AndroidManifest.xml:8:9-41
17        android:roundIcon="@mipmap/ic_launcher_round"
17-->src\main\AndroidManifest.xml:9:9-54
18        android:supportsRtl="true"
18-->src\main\AndroidManifest.xml:10:9-35
19        android:testOnly="true"
20        android:theme="@style/Theme.FeedTheCat.NoActionBar" >
20-->src\main\AndroidManifest.xml:11:9-60
21        <activity
21-->src\main\AndroidManifest.xml:12:9-20:20
22            android:name="com.example.feedthecat.screen.SplashActivity"
22-->src\main\AndroidManifest.xml:13:13-50
23            android:exported="true"
23-->src\main\AndroidManifest.xml:14:13-36
24            android:screenOrientation="portrait" >
24-->src\main\AndroidManifest.xml:15:13-49
25            <intent-filter>
25-->src\main\AndroidManifest.xml:16:13-19:29
26                <action android:name="android.intent.action.MAIN" />
26-->src\main\AndroidManifest.xml:17:17-69
26-->src\main\AndroidManifest.xml:17:25-66
27
28                <category android:name="android.intent.category.LAUNCHER" />
28-->src\main\AndroidManifest.xml:18:17-77
28-->src\main\AndroidManifest.xml:18:27-74
29            </intent-filter>
30        </activity>
31        <activity
31-->src\main\AndroidManifest.xml:22:9-25:54
32            android:name="com.example.feedthecat.screen.MainActivity"
32-->src\main\AndroidManifest.xml:23:13-48
33            android:screenOrientation="portrait"
33-->src\main\AndroidManifest.xml:24:13-49
34            android:theme="@style/Theme.FeedTheCat" />
34-->src\main\AndroidManifest.xml:25:13-52
35        <activity
35-->src\main\AndroidManifest.xml:27:9-29:52
36            android:name="com.example.feedthecat.screen.info.InfoActivity"
36-->src\main\AndroidManifest.xml:28:13-53
37            android:screenOrientation="portrait" />
37-->src\main\AndroidManifest.xml:29:13-49
38        <activity
38-->src\main\AndroidManifest.xml:31:9-33:52
39            android:name="com.example.feedthecat.screen.history.HistoryActivity"
39-->src\main\AndroidManifest.xml:32:13-59
40            android:screenOrientation="portrait" />
40-->src\main\AndroidManifest.xml:33:13-49
41
42        <receiver
42-->src\main\AndroidManifest.xml:35:9-44:20
43            android:name="com.example.feedthecat.screen.widget.CatWidgetProvider"
43-->src\main\AndroidManifest.xml:36:13-60
44            android:exported="true" >
44-->src\main\AndroidManifest.xml:37:13-36
45            <intent-filter>
45-->src\main\AndroidManifest.xml:38:13-40:29
46                <action android:name="android.appwidget.action.APPWIDGET_UPDATE" />
46-->src\main\AndroidManifest.xml:39:17-84
46-->src\main\AndroidManifest.xml:39:25-81
47            </intent-filter>
48
49            <meta-data
49-->src\main\AndroidManifest.xml:41:13-43:63
50                android:name="android.appwidget.provider"
50-->src\main\AndroidManifest.xml:42:17-58
51                android:resource="@xml/cat_widget_provider" />
51-->src\main\AndroidManifest.xml:43:17-60
52        </receiver>
53
54        <service
54-->[androidx.room:room-runtime:2.4.1] AndroidManifest.xml:25:9-28:40
55            android:name="androidx.room.MultiInstanceInvalidationService"
55-->[androidx.room:room-runtime:2.4.1] AndroidManifest.xml:26:13-74
56            android:directBootAware="true"
56-->[androidx.room:room-runtime:2.4.1] AndroidManifest.xml:27:13-43
57            android:exported="false" />
57-->[androidx.room:room-runtime:2.4.1] AndroidManifest.xml:28:13-37
58
59        <provider
59-->[androidx.emoji2:emoji2:1.0.0] AndroidManifest.xml:26:9-34:20
60            android:name="androidx.startup.InitializationProvider"
60-->[androidx.emoji2:emoji2:1.0.0] AndroidManifest.xml:27:13-67
61            android:authorities="com.example.feedthecat.androidx-startup"
61-->[androidx.emoji2:emoji2:1.0.0] AndroidManifest.xml:28:13-68
62            android:exported="false" >
62-->[androidx.emoji2:emoji2:1.0.0] AndroidManifest.xml:29:13-37
63            <meta-data
63-->[androidx.emoji2:emoji2:1.0.0] AndroidManifest.xml:31:13-33:52
64                android:name="androidx.emoji2.text.EmojiCompatInitializer"
64-->[androidx.emoji2:emoji2:1.0.0] AndroidManifest.xml:32:17-75
65                android:value="androidx.startup" />
65-->[androidx.emoji2:emoji2:1.0.0] AndroidManifest.xml:33:17-49
66            <meta-data
66-->[androidx.lifecycle:lifecycle-process:2.4.0] AndroidManifest.xml:31:13-33:52
67                android:name="androidx.lifecycle.ProcessLifecycleInitializer"
67-->[androidx.lifecycle:lifecycle-process:2.4.0] AndroidManifest.xml:32:17-78
68                android:value="androidx.startup" />
68-->[androidx.lifecycle:lifecycle-process:2.4.0] AndroidManifest.xml:33:17-49
69        </provider>
70    </application>
71
72</manifest>